
  .   ____          _            __ _ _
 /\\ / ___'_ __ _ _(_)_ __  __ _ \ \ \ \
( ( )\___ | '_ | '_| | '_ \/ _` | \ \ \ \
 \\/  ___)| |_)| | | | | || (_| |  ) ) ) )
  '  |____| .__|_| |_|_| |_\__, | / / / /
 =========|_|==============|___/=/_/_/_/
 :: Spring Boot ::                (v3.2.2)

2026-03-07T01:10:00.013+05:30  INFO 11374 --- [diet-service] [           main] c.a.dietservice.DietServiceApplication   : Starting DietServiceApplication v0.0.1-SNAPSHOT using Java 25.0.1 with PID 11374 (/Users/sharabf/My Project/AI Fitness APP/backend/diet-service/target/diet-service-0.0.1-SNAPSHOT.jar started by sharabf in /Users/sharabf/My Project/AI Fitness APP/backend)
2026-03-07T01:10:00.016+05:30  INFO 11374 --- [diet-service] [           main] c.a.dietservice.DietServiceApplication   : No active profile set, falling back to 1 default profile: "default"
2026-03-07T01:10:00.330+05:30  INFO 11374 --- [diet-service] [           main] .s.d.r.c.RepositoryConfigurationDelegate : Bootstrapping Spring Data JPA repositories in DEFAULT mode.
2026-03-07T01:10:00.350+05:30  INFO 11374 --- [diet-service] [           main] .s.d.r.c.RepositoryConfigurationDelegate : Finished Spring Data repository scanning in 18 ms. Found 2 JPA repository interfaces.
2026-03-07T01:10:00.452+05:30  INFO 11374 --- [diet-service] [           main] o.s.cloud.context.scope.GenericScope     : BeanFactory id=14546b50-b0bf-3424-9809-1470d018d17b
WARNING: A restricted method in java.lang.System has been called
WARNING: java.lang.System::load has been called by org.apache.tomcat.jni.Library in an unnamed module (jar:nested:/Users/sharabf/My%20Project/AI%20Fitness%20APP/backend/diet-service/target/diet-service-0.0.1-SNAPSHOT.jar/!BOOT-INF/lib/tomcat-embed-core-10.1.18.jar!/)
WARNING: Use --enable-native-access=ALL-UNNAMED to avoid a warning for callers in this module
WARNING: Restricted methods will be blocked in a future release unless native access is enabled

2026-03-07T01:10:00.611+05:30  INFO 11374 --- [diet-service] [           main] o.s.b.w.embedded.tomcat.TomcatWebServer  : Tomcat initialized with port 8084 (http)
2026-03-07T01:10:00.615+05:30  INFO 11374 --- [diet-service] [           main] o.apache.catalina.core.StandardService   : Starting service [Tomcat]
2026-03-07T01:10:00.616+05:30  INFO 11374 --- [diet-service] [           main] o.apache.catalina.core.StandardEngine    : Starting Servlet engine: [Apache Tomcat/10.1.18]
2026-03-07T01:10:00.629+05:30  INFO 11374 --- [diet-service] [           main] o.a.c.c.C.[Tomcat].[localhost].[/]       : Initializing Spring embedded WebApplicationContext
2026-03-07T01:10:00.629+05:30  INFO 11374 --- [diet-service] [           main] w.s.c.ServletWebServerApplicationContext : Root WebApplicationContext: initialization completed in 572 ms
2026-03-07T01:10:00.690+05:30  INFO 11374 --- [diet-service] [           main] o.hibernate.jpa.internal.util.LogHelper  : HHH000204: Processing PersistenceUnitInfo [name: default]
2026-03-07T01:10:00.718+05:30  INFO 11374 --- [diet-service] [           main] org.hibernate.Version                    : HHH000412: Hibernate ORM core version 6.4.1.Final
2026-03-07T01:10:00.731+05:30  INFO 11374 --- [diet-service] [           main] o.h.c.internal.RegionFactoryInitiator    : HHH000026: Second-level cache disabled
2026-03-07T01:10:00.822+05:30  INFO 11374 --- [diet-service] [           main] o.s.o.j.p.SpringPersistenceUnitInfo      : No LoadTimeWeaver setup: ignoring JPA class transformer
2026-03-07T01:10:00.834+05:30  INFO 11374 --- [diet-service] [           main] com.zaxxer.hikari.HikariDataSource       : HikariPool-1 - Starting...
2026-03-07T01:10:00.891+05:30  INFO 11374 --- [diet-service] [           main] com.zaxxer.hikari.pool.HikariPool        : HikariPool-1 - Added connection org.postgresql.jdbc.PgConnection@2776fd8f
2026-03-07T01:10:00.892+05:30  INFO 11374 --- [diet-service] [           main] com.zaxxer.hikari.HikariDataSource       : HikariPool-1 - Start completed.
2026-03-07T01:10:00.905+05:30  WARN 11374 --- [diet-service] [           main] org.hibernate.orm.deprecation            : HHH90000025: PostgreSQLDialect does not need to be specified explicitly using 'hibernate.dialect' (remove the property setting and it will be selected by default)
2026-03-07T01:10:01.281+05:30  INFO 11374 --- [diet-service] [           main] o.h.e.t.j.p.i.JtaPlatformInitiator       : HHH000489: No JTA platform available (set 'hibernate.transaction.jta.platform' to enable JTA platform integration)
2026-03-07T01:10:01.339+05:30  INFO 11374 --- [diet-service] [           main] j.LocalContainerEntityManagerFactoryBean : Initialized JPA EntityManagerFactory for persistence unit 'default'
2026-03-07T01:10:01.519+05:30  WARN 11374 --- [diet-service] [           main] JpaBaseConfiguration$JpaWebConfiguration : spring.jpa.open-in-view is enabled by default. Therefore, database queries may be performed during view rendering. Explicitly configure spring.jpa.open-in-view to disable this warning
2026-03-07T01:10:01.712+05:30  WARN 11374 --- [diet-service] [           main] ConfigServletWebServerApplicationContext : Exception encountered during context initialization - cancelling refresh attempt: org.springframework.context.ApplicationContextException: Failed to start bean 'webServerStartStop'
2026-03-07T01:10:01.713+05:30  INFO 11374 --- [diet-service] [           main] j.LocalContainerEntityManagerFactoryBean : Closing JPA EntityManagerFactory for persistence unit 'default'
2026-03-07T01:10:01.714+05:30  INFO 11374 --- [diet-service] [           main] com.zaxxer.hikari.HikariDataSource       : HikariPool-1 - Shutdown initiated...
2026-03-07T01:10:01.716+05:30  INFO 11374 --- [diet-service] [           main] com.zaxxer.hikari.HikariDataSource       : HikariPool-1 - Shutdown completed.
2026-03-07T01:10:01.723+05:30  INFO 11374 --- [diet-service] [           main] .s.b.a.l.ConditionEvaluationReportLogger : 

Error starting ApplicationContext. To display the condition evaluation report re-run your application with 'debug' enabled.
2026-03-07T01:10:01.733+05:30 ERROR 11374 --- [diet-service] [           main] o.s.b.d.LoggingFailureAnalysisReporter   : 

***************************
APPLICATION FAILED TO START
***************************

Description:

Web server failed to start. Port 8084 was already in use.

Action:

Identify and stop the process that's listening on port 8084 or configure this application to listen on another port.

