
  .   ____          _            __ _ _
 /\\ / ___'_ __ _ _(_)_ __  __ _ \ \ \ \
( ( )\___ | '_ | '_| | '_ \/ _` | \ \ \ \
 \\/  ___)| |_)| | | | | || (_| |  ) ) ) )
  '  |____| .__|_| |_|_| |_\__, | / / / /
 =========|_|==============|___/=/_/_/_/
 :: Spring Boot ::                (v3.2.2)

2026-03-07T01:53:07.108+05:30  INFO 17364 --- [user-service] [           main] c.a.userservice.UserServiceApplication   : Starting UserServiceApplication v0.0.1-SNAPSHOT using Java 25.0.1 with PID 17364 (/Users/sharabf/My Project/AI Fitness APP/backend/user-service/target/user-service-0.0.1-SNAPSHOT.jar started by sharabf in /Users/sharabf/My Project/AI Fitness APP/backend/user-service)
2026-03-07T01:53:07.109+05:30  INFO 17364 --- [user-service] [           main] c.a.userservice.UserServiceApplication   : No active profile set, falling back to 1 default profile: "default"
2026-03-07T01:53:07.428+05:30  INFO 17364 --- [user-service] [           main] .s.d.r.c.RepositoryConfigurationDelegate : Bootstrapping Spring Data JPA repositories in DEFAULT mode.
2026-03-07T01:53:07.450+05:30  INFO 17364 --- [user-service] [           main] .s.d.r.c.RepositoryConfigurationDelegate : Finished Spring Data repository scanning in 18 ms. Found 1 JPA repository interface.
WARNING: A restricted method in java.lang.System has been called
WARNING: java.lang.System::load has been called by org.apache.tomcat.jni.Library in an unnamed module (jar:nested:/Users/sharabf/My%20Project/AI%20Fitness%20APP/backend/user-service/target/user-service-0.0.1-SNAPSHOT.jar/!BOOT-INF/lib/tomcat-embed-core-10.1.18.jar!/)
WARNING: Use --enable-native-access=ALL-UNNAMED to avoid a warning for callers in this module
WARNING: Restricted methods will be blocked in a future release unless native access is enabled

2026-03-07T01:53:07.682+05:30  INFO 17364 --- [user-service] [           main] o.s.b.w.embedded.tomcat.TomcatWebServer  : Tomcat initialized with port 8081 (http)
2026-03-07T01:53:07.688+05:30  INFO 17364 --- [user-service] [           main] o.apache.catalina.core.StandardService   : Starting service [Tomcat]
2026-03-07T01:53:07.688+05:30  INFO 17364 --- [user-service] [           main] o.apache.catalina.core.StandardEngine    : Starting Servlet engine: [Apache Tomcat/10.1.18]
2026-03-07T01:53:07.699+05:30  INFO 17364 --- [user-service] [           main] o.a.c.c.C.[Tomcat].[localhost].[/]       : Initializing Spring embedded WebApplicationContext
2026-03-07T01:53:07.700+05:30  INFO 17364 --- [user-service] [           main] w.s.c.ServletWebServerApplicationContext : Root WebApplicationContext: initialization completed in 556 ms
2026-03-07T01:53:07.765+05:30  INFO 17364 --- [user-service] [           main] o.hibernate.jpa.internal.util.LogHelper  : HHH000204: Processing PersistenceUnitInfo [name: default]
2026-03-07T01:53:07.785+05:30  INFO 17364 --- [user-service] [           main] org.hibernate.Version                    : HHH000412: Hibernate ORM core version 6.4.1.Final
2026-03-07T01:53:07.796+05:30  INFO 17364 --- [user-service] [           main] o.h.c.internal.RegionFactoryInitiator    : HHH000026: Second-level cache disabled
2026-03-07T01:53:07.893+05:30  INFO 17364 --- [user-service] [           main] o.s.o.j.p.SpringPersistenceUnitInfo      : No LoadTimeWeaver setup: ignoring JPA class transformer
2026-03-07T01:53:07.903+05:30  INFO 17364 --- [user-service] [           main] com.zaxxer.hikari.HikariDataSource       : HikariPool-1 - Starting...
2026-03-07T01:53:07.959+05:30  INFO 17364 --- [user-service] [           main] com.zaxxer.hikari.pool.HikariPool        : HikariPool-1 - Added connection org.postgresql.jdbc.PgConnection@25ce435
2026-03-07T01:53:07.959+05:30  INFO 17364 --- [user-service] [           main] com.zaxxer.hikari.HikariDataSource       : HikariPool-1 - Start completed.
2026-03-07T01:53:07.973+05:30  WARN 17364 --- [user-service] [           main] org.hibernate.orm.deprecation            : HHH90000025: PostgreSQLDialect does not need to be specified explicitly using 'hibernate.dialect' (remove the property setting and it will be selected by default)
2026-03-07T01:53:08.301+05:30  INFO 17364 --- [user-service] [           main] o.h.e.t.j.p.i.JtaPlatformInitiator       : HHH000489: No JTA platform available (set 'hibernate.transaction.jta.platform' to enable JTA platform integration)
2026-03-07T01:53:08.336+05:30  INFO 17364 --- [user-service] [           main] j.LocalContainerEntityManagerFactoryBean : Initialized JPA EntityManagerFactory for persistence unit 'default'
2026-03-07T01:53:08.482+05:30  WARN 17364 --- [user-service] [           main] JpaBaseConfiguration$JpaWebConfiguration : spring.jpa.open-in-view is enabled by default. Therefore, database queries may be performed during view rendering. Explicitly configure spring.jpa.open-in-view to disable this warning
2026-03-07T01:53:08.489+05:30  WARN 17364 --- [user-service] [           main] .s.s.UserDetailsServiceAutoConfiguration : 

Using generated security password: 57d6bf11-032a-459c-b57b-19b3c8d09b94

This generated password is for development use only. Your security configuration must be updated before running your application in production.

2026-03-07T01:53:08.624+05:30  INFO 17364 --- [user-service] [           main] o.s.s.web.DefaultSecurityFilterChain     : Will secure any request with [org.springframework.security.web.session.DisableEncodeUrlFilter@7ab2e018, org.springframework.security.web.context.request.async.WebAsyncManagerIntegrationFilter@4e13af1b, org.springframework.security.web.context.SecurityContextHolderFilter@67376bae, org.springframework.security.web.header.HeaderWriterFilter@69a3944, org.springframework.web.filter.CorsFilter@468eff41, org.springframework.security.web.authentication.logout.LogoutFilter@6785786d, org.springframework.security.web.savedrequest.RequestCacheAwareFilter@7c59cf66, org.springframework.security.web.servletapi.SecurityContextHolderAwareRequestFilter@6bb71265, org.springframework.security.web.authentication.AnonymousAuthenticationFilter@1574f323, org.springframework.security.web.session.SessionManagementFilter@3e3bf77b, org.springframework.security.web.access.ExceptionTranslationFilter@5b8599c7, org.springframework.security.web.access.intercept.AuthorizationFilter@3777fc44]
2026-03-07T01:53:08.708+05:30  INFO 17364 --- [user-service] [           main] o.s.b.w.embedded.tomcat.TomcatWebServer  : Tomcat started on port 8081 (http) with context path ''
2026-03-07T01:53:08.713+05:30  INFO 17364 --- [user-service] [           main] c.a.userservice.UserServiceApplication   : Started UserServiceApplication in 1.764 seconds (process running for 1.966)
2026-03-07T01:54:02.995+05:30  INFO 17364 --- [user-service] [nio-8081-exec-1] o.a.c.c.C.[Tomcat].[localhost].[/]       : Initializing Spring DispatcherServlet 'dispatcherServlet'
2026-03-07T01:54:02.995+05:30  INFO 17364 --- [user-service] [nio-8081-exec-1] o.s.web.servlet.DispatcherServlet        : Initializing Servlet 'dispatcherServlet'
2026-03-07T01:54:02.996+05:30  INFO 17364 --- [user-service] [nio-8081-exec-1] o.s.web.servlet.DispatcherServlet        : Completed initialization in 1 ms
